<?xml version="1.0" encoding="UTF-8"?>
<!-- Generated by org.testng.reporters.JUnitReportReporter -->
<testsuite hostname="Diligencesoft" name="framework.projectname.testscripts.productDetails.GoToCart" tests="1" failures="0" timestamp="30 Sep 2019 14:10:36 GMT" time="19.322" errors="0">
  <testcase name="gotocartpage" time="19.322" classname="framework.projectname.testscripts.productDetails.GoToCart"/>
</testsuite> <!-- framework.projectname.testscripts.productDetails.GoToCart -->
