<?xml version="1.0" encoding="UTF-8"?>
<!-- Generated by org.testng.reporters.JUnitReportReporter -->
<testsuite hostname="Diligencesoft" name="framework.projectname.testscripts.RegistrationTest.RegistrationTest" tests="1" failures="0" timestamp="6 Oct 2019 09:49:07 GMT" time="24.653" errors="0">
  <testcase name="emailRegistration" time="24.653" classname="framework.projectname.testscripts.RegistrationTest.RegistrationTest"/>
</testsuite> <!-- framework.projectname.testscripts.RegistrationTest.RegistrationTest -->
