<?xml version="1.0" encoding="UTF-8"?>
<!-- Generated by org.testng.reporters.JUnitReportReporter -->
<testsuite hostname="Diligencesoft" name="framework.projectname.testscripts.TakeScreenshot" tests="1" failures="0" timestamp="26 Aug 2019 07:17:09 GMT" time="5.208" errors="0">
  <testcase name="test1" time="5.208" classname="framework.projectname.testscripts.TakeScreenshot"/>
</testsuite> <!-- framework.projectname.testscripts.TakeScreenshot -->
