<?xml version="1.0" encoding="UTF-8"?>
<!-- Generated by org.testng.reporters.JUnitReportReporter -->
<testsuite hostname="Diligencesoft" name="framework.projectname.testscripts.loginpage.LoginTest" tests="1" failures="0" timestamp="3 Oct 2019 06:08:11 GMT" time="13.904" errors="0">
  <testcase name="loginToApplication" time="13.904" classname="framework.projectname.testscripts.loginpage.LoginTest"/>
</testsuite> <!-- framework.projectname.testscripts.loginpage.LoginTest -->
