<?xml version="1.0" encoding="UTF-8"?>
<!-- Generated by org.testng.reporters.JUnitReportReporter -->
<testsuite hostname="Diligencesoft" name="framework.projectname.helper.listener.A" tests="1" failures="0" timestamp="24 Aug 2019 19:54:42 GMT" time="0.763" errors="0">
  <testcase name="hello" time="0.763" classname="framework.projectname.helper.listener.A"/>
</testsuite> <!-- framework.projectname.helper.listener.A -->
