<?xml version="1.0" encoding="UTF-8"?>
<!-- Generated by org.testng.reporters.JUnitReportReporter -->
<testsuite hostname="Diligencesoft" name="framework.projectname.testscripts.loginpage.LoginTest" tests="1" failures="0" timestamp="6 Oct 2019 09:49:07 GMT" time="34.856" errors="0">
  <testcase name="loginToApplication" time="34.856" classname="framework.projectname.testscripts.loginpage.LoginTest"/>
</testsuite> <!-- framework.projectname.testscripts.loginpage.LoginTest -->
