<?xml version="1.0" encoding="UTF-8"?>
<!-- Generated by org.testng.reporters.JUnitReportReporter -->
<testsuite hostname="Diligencesoft" name="framework.projectname.testscripts.RegistrationTest.RegistrationTest" tests="1" failures="0" timestamp="3 Oct 2019 06:08:11 GMT" time="17.779" errors="0">
  <testcase name="emailRegistration" time="17.779" classname="framework.projectname.testscripts.RegistrationTest.RegistrationTest"/>
</testsuite> <!-- framework.projectname.testscripts.RegistrationTest.RegistrationTest -->
