<?xml version="1.0" encoding="UTF-8"?>
<!-- Generated by org.testng.reporters.JUnitReportReporter -->
<testsuite hostname="Diligencesoft" name="framework.projectname.testscripts.productDetails.GoToCart" tests="1" failures="0" timestamp="6 Oct 2019 09:49:07 GMT" time="36.496" errors="0">
  <testcase name="gotocartpage" time="36.496" classname="framework.projectname.testscripts.productDetails.GoToCart"/>
</testsuite> <!-- framework.projectname.testscripts.productDetails.GoToCart -->
