<?xml version="1.0" encoding="UTF-8"?>
<!-- Generated by org.testng.reporters.JUnitReportReporter -->
<testsuite hostname="Diligencesoft" name="framework.projectname.testscripts.loginpage.LoginTest" tests="1" failures="0" timestamp="23 Sep 2019 13:25:42 GMT" time="23.152" errors="0">
  <testcase name="loginToApplication" time="23.152" classname="framework.projectname.testscripts.loginpage.LoginTest"/>
</testsuite> <!-- framework.projectname.testscripts.loginpage.LoginTest -->
