<?xml version="1.0" encoding="UTF-8"?>
<!-- Generated by org.testng.reporters.JUnitReportReporter -->
<testsuite hostname="Diligencesoft" name="framework.projectname.helper.listener.A" tests="1" failures="0" timestamp="5 Aug 2019 10:44:16 GMT" time="0.029" errors="0">
  <testcase name="hello" time="0.029" classname="framework.projectname.helper.listener.A"/>
</testsuite> <!-- framework.projectname.helper.listener.A -->
