<?xml version="1.0" encoding="UTF-8"?>
<!-- Generated by org.testng.reporters.JUnitReportReporter -->
<testsuite hostname="Diligencesoft" name="framework.projectname.testscripts.productDetails.GoToCart" tests="1" failures="0" timestamp="3 Oct 2019 06:08:11 GMT" time="17.561" errors="0">
  <testcase name="gotocartpage" time="17.561" classname="framework.projectname.testscripts.productDetails.GoToCart"/>
</testsuite> <!-- framework.projectname.testscripts.productDetails.GoToCart -->
