<?xml version="1.0" encoding="UTF-8"?>
<!-- Generated by org.testng.reporters.JUnitReportReporter -->
<testsuite hostname="Diligencesoft" name="framework.projectname.testscripts.loginpage.LoginTest" tests="1" failures="0" timestamp="25 Sep 2019 03:08:42 GMT" time="16.157" errors="0">
  <testcase name="loginToApplication" time="16.157" classname="framework.projectname.testscripts.loginpage.LoginTest"/>
</testsuite> <!-- framework.projectname.testscripts.loginpage.LoginTest -->
