<?xml version="1.0" encoding="UTF-8"?>
<!-- Generated by org.testng.reporters.JUnitReportReporter -->
<testsuite hostname="Diligencesoft" name="framework.projectname.testscripts.RegistrationTest.RegistrationTest" tests="1" failures="0" timestamp="25 Sep 2019 05:45:26 GMT" time="36.744" errors="0">
  <testcase name="emailRegistration" time="36.744" classname="framework.projectname.testscripts.RegistrationTest.RegistrationTest"/>
</testsuite> <!-- framework.projectname.testscripts.RegistrationTest.RegistrationTest -->
